\BOOKMARK [0][-]{chapter.1}{Einleitung}{}% 1
\BOOKMARK [1][-]{section.1.1}{Vorwort}{chapter.1}% 2
\BOOKMARK [1][-]{section.1.2}{Das Trebuchet}{chapter.1}% 3
\BOOKMARK [0][-]{chapter.2}{Physikalische Grundlagen}{}% 4
\BOOKMARK [1][-]{section.2.1}{Drehmoment und -impuls}{chapter.2}% 5
\BOOKMARK [1][-]{section.2.2}{Tr\344gheitsmoment}{chapter.2}% 6
\BOOKMARK [1][-]{section.2.3}{Rotationsenergie}{chapter.2}% 7
\BOOKMARK [0][-]{chapter.3}{Anwendung}{}% 8
\BOOKMARK [1][-]{section.3.1}{Variablendeklaration}{chapter.3}% 9
\BOOKMARK [1][-]{section.3.2}{Erste Absch\344tzungen mithilfe der allgemeinen Energieerhaltung}{chapter.3}% 10
\BOOKMARK [1][-]{section.3.3}{Berechnung als starrer K\366rper}{chapter.3}% 11
\BOOKMARK [1][-]{section.3.4}{Berechnung mithilfe der Energieerhaltung unter Ber\374cksichtigung der Rotationsmechanik}{chapter.3}% 12
\BOOKMARK [0][-]{chapter.4}{Praktische \334berpr\374fung}{}% 13
\BOOKMARK [1][-]{section.4.1}{Aufbau}{chapter.4}% 14
\BOOKMARK [1][-]{section.4.2}{Durchf\374hrung}{chapter.4}% 15
\BOOKMARK [1][-]{section.4.3}{Ergebnisse}{chapter.4}% 16
\BOOKMARK [0][-]{chapter.5}{Schluss}{}% 17
\BOOKMARK [1][-]{section.5.1}{Reflexion}{chapter.5}% 18
\BOOKMARK [1][-]{section.5.2}{Ausblick}{chapter.5}% 19
\BOOKMARK [0][-]{chapter.6}{Anhang}{}% 20
\BOOKMARK [1][-]{section.6.1}{Quellenverzeichnis}{chapter.6}% 21
\BOOKMARK [1][-]{section.6.2}{Bildnachweis}{chapter.6}% 22
\BOOKMARK [1][-]{section.6.3}{Anmerkung zum Format}{chapter.6}% 23
\BOOKMARK [1][-]{section.6.4}{Volumenintegral eines Quaders}{chapter.6}% 24
\BOOKMARK [1][-]{section.6.5}{Hilfsmittel}{chapter.6}% 25
\BOOKMARK [1][-]{section.6.6}{Selbst\344ndigkeitserkl\344rung}{chapter.6}% 26
